Copyright 1986-2021 Xilinx, Inc. All Rights Reserved.
---------------------------------------------------------------------------------------------
| Tool Version : Vivado v.2021.2 (win64) Build 3367213 Tue Oct 19 02:48:09 MDT 2021
| Date         : Sat Jan 28 11:35:00 2023
| Host         : DESKTOP-SQGSJV7 running 64-bit major release  (build 9200)
| Command      : report_control_sets -verbose -file ebaz4205_wrapper_control_sets_placed.rpt
| Design       : ebaz4205_wrapper
| Device       : xc7z010
---------------------------------------------------------------------------------------------

Control Set Information

Table of Contents
-----------------
1. Summary
2. Histogram
3. Flip-Flop Distribution
4. Detailed Control Set Information

1. Summary
----------

+----------------------------------------------------------+-------+
|                          Status                          | Count |
+----------------------------------------------------------+-------+
| Total control sets                                       |   116 |
|    Minimum number of control sets                        |   116 |
|    Addition due to synthesis replication                 |     0 |
|    Addition due to physical synthesis replication        |     0 |
| Unused register locations in slices containing registers |   220 |
+----------------------------------------------------------+-------+
* Control sets can be merged at opt_design using control_set_merge or merge_equivalent_drivers
** Run report_qor_suggestions for automated merging and remapping suggestions


2. Histogram
------------

+--------------------+-------+
|       Fanout       | Count |
+--------------------+-------+
| Total control sets |   116 |
| >= 0 to < 4        |     5 |
| >= 4 to < 6        |    20 |
| >= 6 to < 8        |     5 |
| >= 8 to < 10       |    12 |
| >= 10 to < 12      |     2 |
| >= 12 to < 14      |     7 |
| >= 14 to < 16      |     3 |
| >= 16              |    62 |
+--------------------+-------+
* Control sets can be remapped at either synth_design or opt_design


3. Flip-Flop Distribution
-------------------------

+--------------+-----------------------+------------------------+-----------------+--------------+
| Clock Enable | Synchronous Set/Reset | Asynchronous Set/Reset | Total Registers | Total Slices |
+--------------+-----------------------+------------------------+-----------------+--------------+
| No           | No                    | No                     |             376 |          115 |
| No           | No                    | Yes                    |               8 |            6 |
| No           | Yes                   | No                     |             254 |           84 |
| Yes          | No                    | No                     |             703 |          192 |
| Yes          | No                    | Yes                    |              45 |           10 |
| Yes          | Yes                   | No                     |            1378 |          382 |
+--------------+-----------------------+------------------------+-----------------+--------------+


4. Detailed Control Set Information
-----------------------------------

+----------------------------------------------------+-----------------------------------------------------------------------------------------------------------------------------------------------------------------+--------------------------------------------------------------------------------------------------------------------------------------------------------+------------------+----------------+--------------+
|                    Clock Signal                    |                                                                          Enable Signal                                                                          |                                                                    Set/Reset Signal                                                                    | Slice Load Count | Bel Load Count | Bels / Slice |
+----------------------------------------------------+-----------------------------------------------------------------------------------------------------------------------------------------------------------------+--------------------------------------------------------------------------------------------------------------------------------------------------------+------------------+----------------+--------------+
|  ebaz4205_i/PS/processing_system7_0/inst/FCLK_CLK0 | ebaz4205_i/PS/ps7_axi_periph/s00_couplers/auto_pc/inst/gen_axilite.gen_b2s_conv.axilite_b2s/WR.aw_channel_0/aw_cmd_fsm_0/FSM_sequential_state_reg[0]_1          | ebaz4205_i/PS/ps7_axi_periph/s00_couplers/auto_pc/inst/gen_axilite.gen_b2s_conv.axilite_b2s/WR.aw_channel_0/aw_cmd_fsm_0/FSM_sequential_state_reg[0]_0 |                1 |              1 |         1.00 |
|  ebaz4205_i/PS/processing_system7_0/inst/FCLK_CLK0 |                                                                                                                                                                 | ebaz4205_i/DivideBy2N_50M/inst/clk_track_i_2_n_0                                                                                                       |                1 |              1 |         1.00 |
|  ebaz4205_i/PS/processing_system7_0/inst/FCLK_CLK0 |                                                                                                                                                                 | ebaz4205_i/PS/ps7_axi_periph/xbar/inst/gen_sasd.crossbar_sasd_0/addr_arbiter_inst/s_arvalid_reg                                                        |                1 |              2 |         2.00 |
|  ebaz4205_i/PS/processing_system7_0/inst/FCLK_CLK0 | ebaz4205_i/PS/ps7_axi_periph/s00_couplers/auto_pc/inst/gen_axilite.gen_b2s_conv.axilite_b2s/WR.b_channel_0/bid_fifo_0/sel                                       |                                                                                                                                                        |                1 |              2 |         2.00 |
|  ebaz4205_i/PS/processing_system7_0/inst/FCLK_CLK0 | ebaz4205_i/PS/ps7_axi_periph/xbar/inst/gen_sasd.crossbar_sasd_0/addr_arbiter_inst/m_grant_enc_i                                                                 | ebaz4205_i/PS/ps7_axi_periph/xbar/inst/gen_sasd.crossbar_sasd_0/addr_arbiter_inst/SR[0]                                                                |                1 |              3 |         3.00 |
|  ebaz4205_i/PS/processing_system7_0/inst/FCLK_CLK0 |                                                                                                                                                                 | ebaz4205_i/PS/ps7_axi_periph/s00_couplers/auto_pc/inst/gen_axilite.gen_b2s_conv.axilite_b2s/SI_REG/ar.ar_pipe/aresetn_d_reg[1]_inv_0                   |                1 |              4 |         4.00 |
|  ebaz4205_i/DivideBy2N_50M/inst/clk_out_BUFG       | ebaz4205_i/ps2_mouse_0/U0/ps2_transceiver_0/debounce_ps2_clk/bit_cnt0                                                                                           | ebaz4205_i/ps2_mouse_0/U0/ps2_transceiver_0/bit_cnt[3]_i_1_n_0                                                                                         |                1 |              4 |         4.00 |
|  ebaz4205_i/PS/processing_system7_0/inst/FCLK_CLK0 | ebaz4205_i/clk_8M_66M/inst/CLK_CORE_DRP_I/mmcm_drp_inst/ram_addr[4]_i_2_n_0                                                                                     | ebaz4205_i/clk_8M_66M/inst/CLK_CORE_DRP_I/mmcm_drp_inst/ram_addr[4]_i_1_n_0                                                                            |                1 |              4 |         4.00 |
|  ebaz4205_i/PS/processing_system7_0/inst/FCLK_CLK0 |                                                                                                                                                                 | ebaz4205_i/PS/proc_sys_reset_0/U0/EXT_LPF/lpf_int                                                                                                      |                2 |              4 |         2.00 |
|  ebaz4205_i/PS/processing_system7_0/inst/FCLK_CLK0 |                                                                                                                                                                 | ebaz4205_i/axi_gpio_0/U0/AXI_LITE_IPIF_I/I_SLAVE_ATTACHMENT/clear                                                                                      |                1 |              4 |         4.00 |
|  ebaz4205_i/PS/processing_system7_0/inst/FCLK_CLK0 |                                                                                                                                                                 | ebaz4205_i/PS/ps7_axi_periph/s00_couplers/auto_pc/inst/gen_axilite.gen_b2s_conv.axilite_b2s/SI_REG/aw.aw_pipe/aresetn_d_reg[0]_0                       |                2 |              4 |         2.00 |
|  ebaz4205_i/PS/processing_system7_0/inst/FCLK_CLK0 | ebaz4205_i/clk_8M_66M/inst/CLK_CORE_DRP_I/mmcm_drp_inst/state_count[4]_i_2_n_0                                                                                  | ebaz4205_i/clk_8M_66M/inst/CLK_CORE_DRP_I/mmcm_drp_inst/state_count[4]_i_1_n_0                                                                         |                1 |              4 |         4.00 |
|  ebaz4205_i/PS/processing_system7_0/inst/FCLK_CLK0 | ebaz4205_i/PS/ps7_axi_periph/s00_couplers/auto_pc/inst/gen_axilite.gen_b2s_conv.axilite_b2s/RD.ar_channel_0/ar_cmd_fsm_0/m_axi_arready_2                        | ebaz4205_i/PS/ps7_axi_periph/s00_couplers/auto_pc/inst/gen_axilite.gen_b2s_conv.axilite_b2s/RD.ar_channel_0/ar_cmd_fsm_0/FSM_sequential_state_reg[1]_0 |                1 |              4 |         4.00 |
|  ENET0_GMII_RX_CLK_0_IBUF                          |                                                                                                                                                                 |                                                                                                                                                        |                4 |              5 |         1.25 |
|  ENET0_GMII_TX_CLK_0_IBUF                          |                                                                                                                                                                 |                                                                                                                                                        |                2 |              5 |         2.50 |
|  ebaz4205_i/PS/processing_system7_0/inst/FCLK_CLK0 | ebaz4205_i/PS/ps7_axi_periph/s00_couplers/auto_pc/inst/gen_axilite.gen_b2s_conv.axilite_b2s/RD.r_channel_0/rd_data_fifo_0/cnt_read[4]_i_1__0_n_0                | ebaz4205_i/PS/ps7_axi_periph/s00_couplers/auto_pc/inst/gen_axilite.gen_b2s_conv.axilite_b2s/areset_d1                                                  |                1 |              5 |         5.00 |
|  ebaz4205_i/DivideBy2N_50M/inst/clk_out_BUFG       | ebaz4205_i/ps2_mouse_0/U0/state[4]_i_1_n_0                                                                                                                      | ebaz4205_i/ps2_mouse_0/U0/ps2_transceiver_0/reset_n_0                                                                                                  |                3 |              5 |         1.67 |
|  ebaz4205_i/PS/processing_system7_0/inst/FCLK_CLK0 | ebaz4205_i/PS/ps7_axi_periph/s00_couplers/auto_pc/inst/gen_axilite.gen_b2s_conv.axilite_b2s/RD.r_channel_0/transaction_fifo_0/cnt_read[4]_i_1_n_0               | ebaz4205_i/PS/ps7_axi_periph/s00_couplers/auto_pc/inst/gen_axilite.gen_b2s_conv.axilite_b2s/areset_d1                                                  |                2 |              5 |         2.50 |
|  ebaz4205_i/PS/processing_system7_0/inst/FCLK_CLK0 | ebaz4205_i/clk_8M_66M/inst/CLK_CORE_DRP_I/SEN                                                                                                                   | ebaz4205_i/clk_8M_66M/inst/CLK_CORE_DRP_I/mmcm_drp_inst/ram[28][5]_i_1_n_0                                                                             |                2 |              5 |         2.50 |
|  ebaz4205_i/PS/processing_system7_0/inst/FCLK_CLK0 | ebaz4205_i/clk_8M_66M/inst/CLK_CORE_DRP_I/SEN                                                                                                                   | ebaz4205_i/clk_8M_66M/inst/CLK_CORE_DRP_I/mmcm_drp_inst/ram[26][5]_i_1_n_0                                                                             |                2 |              5 |         2.50 |
|  ebaz4205_i/PS/processing_system7_0/inst/FCLK_CLK0 | ebaz4205_i/clk_8M_66M/inst/CLK_CORE_DRP_I/SEN                                                                                                                   | ebaz4205_i/clk_8M_66M/inst/CLK_CORE_DRP_I/mmcm_drp_inst/ram[36][5]_i_1_n_0                                                                             |                2 |              5 |         2.50 |
|  ebaz4205_i/PS/processing_system7_0/inst/FCLK_CLK0 | ebaz4205_i/clk_8M_66M/inst/CLK_CORE_DRP_I/SEN                                                                                                                   | ebaz4205_i/clk_8M_66M/inst/CLK_CORE_DRP_I/mmcm_drp_inst/ram[34][5]_i_1_n_0                                                                             |                2 |              5 |         2.50 |
|  ebaz4205_i/PS/processing_system7_0/inst/FCLK_CLK0 | ebaz4205_i/clk_8M_66M/inst/CLK_CORE_DRP_I/SEN                                                                                                                   | ebaz4205_i/clk_8M_66M/inst/CLK_CORE_DRP_I/mmcm_drp_inst/ram[32][5]_i_1_n_0                                                                             |                2 |              5 |         2.50 |
|  ebaz4205_i/PS/processing_system7_0/inst/FCLK_CLK0 | ebaz4205_i/clk_8M_66M/inst/CLK_CORE_DRP_I/SEN                                                                                                                   | ebaz4205_i/clk_8M_66M/inst/CLK_CORE_DRP_I/mmcm_drp_inst/ram[30][5]_i_1_n_0                                                                             |                2 |              5 |         2.50 |
|  ebaz4205_i/PS/processing_system7_0/inst/FCLK_CLK0 | ebaz4205_i/clk_8M_66M/inst/CLK_CORE_DRP_I/SEN                                                                                                                   | ebaz4205_i/clk_8M_66M/inst/CLK_CORE_DRP_I/mmcm_drp_inst/ram[38][5]_i_1_n_0                                                                             |                2 |              5 |         2.50 |
|  ebaz4205_i/PS/processing_system7_0/inst/FCLK_CLK0 |                                                                                                                                                                 | ebaz4205_i/clk_8M_66M/inst/AXI_LITE_IPIF_I/I_SLAVE_ATTACHMENT/wrack_reg_10                                                                             |                1 |              6 |         6.00 |
|  ebaz4205_i/PS/processing_system7_0/inst/FCLK_CLK0 | ebaz4205_i/PS/proc_sys_reset_0/U0/SEQ/seq_cnt_en                                                                                                                | ebaz4205_i/PS/proc_sys_reset_0/U0/SEQ/SEQ_COUNTER/clear                                                                                                |                1 |              6 |         6.00 |
|  ebaz4205_i/DivideBy2N_50M/inst/clk_out_BUFG       |                                                                                                                                                                 | ebaz4205_i/ps2_mouse_0/U0/ps2_transceiver_0/reset_n_0                                                                                                  |                5 |              7 |         1.40 |
|  ebaz4205_i/PS/processing_system7_0/inst/FCLK_CLK0 |                                                                                                                                                                 | ebaz4205_i/clk_8M_66M/inst/AXI_LITE_IPIF_I/I_SLAVE_ATTACHMENT/clear                                                                                    |                2 |              7 |         3.50 |
|  ebaz4205_i/PS/processing_system7_0/inst/FCLK_CLK0 | ebaz4205_i/clk_8M_66M/inst/CLK_CORE_DRP_I/mmcm_drp_inst/DADDR[6]_i_2_n_0                                                                                        | ebaz4205_i/clk_8M_66M/inst/CLK_CORE_DRP_I/mmcm_drp_inst/DADDR[6]_i_1_n_0                                                                               |                2 |              7 |         3.50 |
|  ebaz4205_i/PS/processing_system7_0/inst/FCLK_CLK0 | ebaz4205_i/PS/ps7_axi_periph/s00_couplers/auto_pc/inst/gen_axilite.gen_b2s_conv.axilite_b2s/WR.b_channel_0/mhandshake_r                                         | ebaz4205_i/PS/ps7_axi_periph/s00_couplers/auto_pc/inst/gen_axilite.gen_b2s_conv.axilite_b2s/WR.b_channel_0/bid_fifo_0/SR[0]                            |                2 |              8 |         4.00 |
|  ebaz4205_i/DivideBy2N_50M/inst/clk_out_BUFG       | ebaz4205_i/ps2_mouse_0/U0/ps2_transceiver_0/packet_byte_reg[1]                                                                                                  |                                                                                                                                                        |                1 |              8 |         8.00 |
|  ebaz4205_i/DivideBy2N_50M/inst/clk_out_BUFG       | ebaz4205_i/ps2_mouse_0/U0/ps2_transceiver_0/packet_byte_reg[0]                                                                                                  |                                                                                                                                                        |                3 |              8 |         2.67 |
|  ebaz4205_i/DivideBy2N_50M/inst/clk_out_BUFG       | ebaz4205_i/ps2_mouse_0/U0/ps2_transceiver_0/packet_byte_reg[0]_0                                                                                                |                                                                                                                                                        |                1 |              8 |         8.00 |
|  ebaz4205_i/DivideBy2N_50M/inst/clk_out_BUFG       | ebaz4205_i/ps2_mouse_0/U0/ps2_transceiver_0/packet_byte_reg[0]_1                                                                                                |                                                                                                                                                        |                2 |              8 |         4.00 |
|  ebaz4205_i/PS/processing_system7_0/inst/FCLK_CLK0 | ebaz4205_i/axi_gpio_0/U0/AXI_LITE_IPIF_I/I_SLAVE_ATTACHMENT/bus2ip_addr_i[8]_i_1_n_0                                                                            | ebaz4205_i/axi_gpio_0/U0/AXI_LITE_IPIF_I/I_SLAVE_ATTACHMENT/SR[0]                                                                                      |                2 |              8 |         4.00 |
|  ebaz4205_i/DivideBy2N_50M/inst/clk_out_BUFG       | ebaz4205_i/ps2_mouse_0/U0/ps2_transceiver_0/ps2_code[7]_i_1_n_0                                                                                                 | ebaz4205_i/ps2_mouse_0/U0/ps2_transceiver_0/reset_n_0                                                                                                  |                2 |              8 |         4.00 |
|  ebaz4205_i/DivideBy2N_50M/inst/clk_out_BUFG       | ebaz4205_i/ps2_mouse_0/U0/ps2_transceiver_0/E[0]                                                                                                                |                                                                                                                                                        |                2 |              8 |         4.00 |
|  ebaz4205_i/DivideBy2N_50M/inst/clk_out_BUFG       | ebaz4205_i/ps2_mouse_0/U0/ps2_transceiver_0/debounce_ps2_clk/sel                                                                                                | ebaz4205_i/ps2_mouse_0/U0/ps2_transceiver_0/debounce_ps2_clk/counter_set                                                                               |                2 |              9 |         4.50 |
|  ebaz4205_i/PS/processing_system7_0/inst/FCLK_CLK0 | ebaz4205_i/clk_8M_66M/inst/AXI_LITE_IPIF_I/I_SLAVE_ATTACHMENT/start2                                                                                            | ebaz4205_i/clk_8M_66M/inst/AXI_LITE_IPIF_I/I_SLAVE_ATTACHMENT/I_DECODER/cs_ce_clr                                                                      |                2 |              9 |         4.50 |
|  ebaz4205_i/DivideBy2N_50M/inst/clk_out_BUFG       | ebaz4205_i/ps2_mouse_0/U0/ps2_transceiver_0/debounce_ps2_data/counter_out_reg[8]                                                                                | ebaz4205_i/ps2_mouse_0/U0/ps2_transceiver_0/debounce_ps2_data/counter_set                                                                              |                3 |              9 |         3.00 |
|  ebaz4205_i/DivideBy2N_50M/inst/clk_out_BUFG       | ebaz4205_i/ps2_mouse_0/U0/ps2_transceiver_0/debounce_ps2_clk/E[0]                                                                                               |                                                                                                                                                        |                3 |              9 |         3.00 |
|  ebaz4205_i/PS/processing_system7_0/inst/FCLK_CLK0 |                                                                                                                                                                 | ebaz4205_i/PS/ps7_axi_periph/s00_couplers/auto_pc/inst/gen_axilite.gen_b2s_conv.axilite_b2s/areset_d1                                                  |                6 |             10 |         1.67 |
|  ebaz4205_i/PS/processing_system7_0/inst/FCLK_CLK0 |                                                                                                                                                                 | ebaz4205_i/PS/ps7_axi_periph/xbar/inst/gen_sasd.crossbar_sasd_0/addr_arbiter_inst/SR[0]                                                                |                3 |             10 |         3.33 |
|  ebaz4205_i/PS/processing_system7_0/inst/FCLK_CLK0 | ebaz4205_i/PS/ps7_axi_periph/s00_couplers/auto_pc/inst/gen_axilite.gen_b2s_conv.axilite_b2s/WR.aw_channel_0/aw_cmd_fsm_0/m_valid_i_reg[0]                       |                                                                                                                                                        |                7 |             12 |         1.71 |
|  ebaz4205_i/PS/processing_system7_0/inst/FCLK_CLK0 | ebaz4205_i/clk_8M_66M/inst/AXI_LITE_IPIF_I/I_SLAVE_ATTACHMENT/bus2ip_addr_i[10]_i_1_n_0                                                                         | ebaz4205_i/clk_8M_66M/inst/AXI_LITE_IPIF_I/I_SLAVE_ATTACHMENT/SR[0]                                                                                    |                3 |             12 |         4.00 |
|  ebaz4205_i/PS/processing_system7_0/inst/FCLK_CLK0 | ebaz4205_i/PS/ps7_axi_periph/s00_couplers/auto_pc/inst/gen_axilite.gen_b2s_conv.axilite_b2s/RD.ar_channel_0/ar_cmd_fsm_0/sel_first_reg[0]                       |                                                                                                                                                        |                2 |             12 |         6.00 |
|  ebaz4205_i/PS/processing_system7_0/inst/FCLK_CLK0 | ebaz4205_i/PS/ps7_axi_periph/s00_couplers/auto_pc/inst/gen_axilite.gen_b2s_conv.axilite_b2s/RD.ar_channel_0/ar_cmd_fsm_0/E[0]                                   |                                                                                                                                                        |                5 |             12 |         2.40 |
|  ebaz4205_i/PS/processing_system7_0/inst/FCLK_CLK0 | ebaz4205_i/PS/ps7_axi_periph/s00_couplers/auto_pc/inst/gen_axilite.gen_b2s_conv.axilite_b2s/WR.aw_channel_0/cmd_translator_0/incr_cmd_0/axaddr_incr[11]_i_1_n_0 |                                                                                                                                                        |                2 |             12 |         6.00 |
|  ebaz4205_i/PS/processing_system7_0/inst/FCLK_CLK0 | ebaz4205_i/PS/ps7_axi_periph/s00_couplers/auto_pc/inst/gen_axilite.gen_b2s_conv.axilite_b2s/RD.r_channel_0/r_push_r                                             |                                                                                                                                                        |                4 |             13 |         3.25 |
|  ebaz4205_i/DivideBy2N_50M/inst/clk_out_BUFG       | ebaz4205_i/ps2_mouse_0/U0/ps2_transceiver_0/debounce_ps2_clk/timer0                                                                                             | ebaz4205_i/ps2_mouse_0/U0/ps2_transceiver_0/timer[12]_i_1_n_0                                                                                          |                4 |             13 |         3.25 |
|  ebaz4205_i/PS/processing_system7_0/inst/FCLK_CLK0 | ebaz4205_i/PS/ps7_axi_periph/s00_couplers/auto_pc/inst/gen_axilite.gen_b2s_conv.axilite_b2s/SI_REG/b.b_pipe/s_ready_i_reg_0                                     |                                                                                                                                                        |                3 |             14 |         4.67 |
|  ebaz4205_i/PS/processing_system7_0/inst/FCLK_CLK0 | ebaz4205_i/PS/ps7_axi_periph/s00_couplers/auto_pc/inst/gen_axilite.gen_b2s_conv.axilite_b2s/SI_REG/b.b_pipe/p_1_in                                              |                                                                                                                                                        |                3 |             14 |         4.67 |
|  ebaz4205_i/PS/processing_system7_0/inst/FCLK_CLK0 | ebaz4205_i/PS/ps7_axi_periph/xbar/inst/gen_sasd.crossbar_sasd_0/reg_slice_r/aa_rready                                                                           |                                                                                                                                                        |                4 |             15 |         3.75 |
|  ebaz4205_i/DivideBy2N_50M/inst/clk_out_BUFG       |                                                                                                                                                                 |                                                                                                                                                        |                5 |             16 |         3.20 |
|  ebaz4205_i/PS/processing_system7_0/inst/FCLK_CLK0 | ebaz4205_i/clk_8M_66M/inst/CLK_CORE_DRP_I/mmcm_drp_inst/DI[15]_i_2_n_0                                                                                          | ebaz4205_i/clk_8M_66M/inst/CLK_CORE_DRP_I/mmcm_drp_inst/DI[15]_i_1_n_0                                                                                 |                4 |             16 |         4.00 |
|  ebaz4205_i/PS/processing_system7_0/inst/FCLK_CLK0 |                                                                                                                                                                 | ebaz4205_i/clk_8M_66M/inst/AXI_LITE_IPIF_I/I_SLAVE_ATTACHMENT/rst_reg_0                                                                                |                5 |             16 |         3.20 |
|  ebaz4205_i/PS/processing_system7_0/inst/FCLK_CLK0 | ebaz4205_i/PS/ps7_axi_periph/s00_couplers/auto_pc/inst/gen_axilite.gen_b2s_conv.axilite_b2s/WR.aw_channel_0/aw_cmd_fsm_0/m_axi_awready_0                        |                                                                                                                                                        |                3 |             16 |         5.33 |
|  ebaz4205_i/PS/processing_system7_0/inst/FCLK_CLK0 | ebaz4205_i/clk_8M_66M/inst/AXI_LITE_IPIF_I/I_SLAVE_ATTACHMENT/I_DECODER/Bus_RNW_reg_reg_0[0]                                                                    | ebaz4205_i/clk_8M_66M/inst/AXI_LITE_IPIF_I/I_SLAVE_ATTACHMENT/rst_reg_0                                                                                |                4 |             16 |         4.00 |
|  ebaz4205_i/PS/processing_system7_0/inst/FCLK_CLK0 | ebaz4205_i/clk_8M_66M/inst/AXI_LITE_IPIF_I/I_SLAVE_ATTACHMENT/I_DECODER/rst_reg[0]                                                                              |                                                                                                                                                        |                3 |             18 |         6.00 |
|  ebaz4205_i/PS/processing_system7_0/inst/FCLK_CLK0 | ebaz4205_i/PS/ps7_axi_periph/s00_couplers/auto_pc/inst/gen_axilite.gen_b2s_conv.axilite_b2s/RD.ar_channel_0/ar_cmd_fsm_0/m_axi_arready_2                        |                                                                                                                                                        |                8 |             21 |         2.62 |
|  ebaz4205_i/PS/processing_system7_0/inst/FCLK_CLK0 | ebaz4205_i/axi_gpio_0/U0/AXI_LITE_IPIF_I/I_SLAVE_ATTACHMENT/start2                                                                                              | ebaz4205_i/axi_gpio_0/U0/AXI_LITE_IPIF_I/I_SLAVE_ATTACHMENT/I_DECODER/cs_ce_clr                                                                        |                4 |             21 |         5.25 |
|  ebaz4205_i/PS/processing_system7_0/inst/FCLK_CLK0 | ebaz4205_i/PS/ps7_axi_periph/s00_couplers/auto_pc/inst/gen_axilite.gen_b2s_conv.axilite_b2s/WR.aw_channel_0/aw_cmd_fsm_0/FSM_sequential_state_reg[0]_1          |                                                                                                                                                        |               10 |             24 |         2.40 |
|  ebaz4205_i/PS/processing_system7_0/inst/FCLK_CLK0 | ebaz4205_i/clk_8M_66M/inst/AXI_LITE_IPIF_I/I_SLAVE_ATTACHMENT/I_DECODER/bus2ip_addr_i_reg[7][0]                                                                 |                                                                                                                                                        |                4 |             26 |         6.50 |
|  ebaz4205_i/PS/processing_system7_0/inst/FCLK_CLK0 | ebaz4205_i/PS/ps7_axi_periph/xbar/inst/gen_sasd.crossbar_sasd_0/addr_arbiter_inst/p_0_in                                                                        | ebaz4205_i/PS/ps7_axi_periph/xbar/inst/gen_sasd.crossbar_sasd_0/addr_arbiter_inst/SR[0]                                                                |                9 |             27 |         3.00 |
|  ebaz4205_i/PS/processing_system7_0/inst/FCLK_CLK0 |                                                                                                                                                                 | ebaz4205_i/clk_8M_66M/inst/AXI_LITE_IPIF_I/I_SLAVE_ATTACHMENT/SR[0]                                                                                    |               10 |             29 |         2.90 |
|  ebaz4205_i/PS/processing_system7_0/inst/FCLK_CLK0 | ebaz4205_i/clk_8M_66M/inst/AXI_LITE_IPIF_I/I_SLAVE_ATTACHMENT/I_DECODER/GEN_BKEND_CE_REGISTERS[1].ce_out_i_reg[1]_0[0]                                          | ebaz4205_i/clk_8M_66M/inst/AXI_LITE_IPIF_I/I_SLAVE_ATTACHMENT/rst_reg_0                                                                                |                6 |             31 |         5.17 |
|  ebaz4205_i/PS/processing_system7_0/inst/FCLK_CLK0 | ebaz4205_i/clk_8M_66M/inst/AXI_LITE_IPIF_I/I_SLAVE_ATTACHMENT/I_DECODER/bus2ip_addr_i_reg[2]_0[0]                                                               | ebaz4205_i/clk_8M_66M/inst/AXI_LITE_IPIF_I/I_SLAVE_ATTACHMENT/rst_reg_0                                                                                |                7 |             32 |         4.57 |
|  ebaz4205_i/PS/processing_system7_0/inst/FCLK_CLK0 | ebaz4205_i/clk_8M_66M/inst/AXI_LITE_IPIF_I/I_SLAVE_ATTACHMENT/I_DECODER/bus2ip_addr_i_reg[3]_1[0]                                                               | ebaz4205_i/clk_8M_66M/inst/AXI_LITE_IPIF_I/I_SLAVE_ATTACHMENT/rst_reg_0                                                                                |                7 |             32 |         4.57 |
|  ebaz4205_i/PS/processing_system7_0/inst/FCLK_CLK0 | ebaz4205_i/clk_8M_66M/inst/AXI_LITE_IPIF_I/I_SLAVE_ATTACHMENT/I_DECODER/bus2ip_addr_i_reg[3]_8[0]                                                               | ebaz4205_i/clk_8M_66M/inst/AXI_LITE_IPIF_I/I_SLAVE_ATTACHMENT/rst_reg_0                                                                                |               16 |             32 |         2.00 |
|  ebaz4205_i/PS/processing_system7_0/inst/FCLK_CLK0 | ebaz4205_i/clk_8M_66M/inst/AXI_LITE_IPIF_I/I_SLAVE_ATTACHMENT/I_DECODER/bus2ip_addr_i_reg[3]_6[0]                                                               | ebaz4205_i/clk_8M_66M/inst/AXI_LITE_IPIF_I/I_SLAVE_ATTACHMENT/rst_reg_0                                                                                |               11 |             32 |         2.91 |
|  ebaz4205_i/PS/processing_system7_0/inst/FCLK_CLK0 | ebaz4205_i/clk_8M_66M/inst/AXI_LITE_IPIF_I/I_SLAVE_ATTACHMENT/I_DECODER/bus2ip_addr_i_reg[5]_4[0]                                                               | ebaz4205_i/clk_8M_66M/inst/AXI_LITE_IPIF_I/I_SLAVE_ATTACHMENT/rst_reg_0                                                                                |                7 |             32 |         4.57 |
|  ebaz4205_i/PS/processing_system7_0/inst/FCLK_CLK0 | ebaz4205_i/clk_8M_66M/inst/AXI_LITE_IPIF_I/I_SLAVE_ATTACHMENT/I_DECODER/bus2ip_addr_i_reg[3][0]                                                                 | ebaz4205_i/clk_8M_66M/inst/AXI_LITE_IPIF_I/I_SLAVE_ATTACHMENT/rst_reg_0                                                                                |                7 |             32 |         4.57 |
|  ebaz4205_i/PS/processing_system7_0/inst/FCLK_CLK0 | ebaz4205_i/clk_8M_66M/inst/AXI_LITE_IPIF_I/I_SLAVE_ATTACHMENT/I_DECODER/bus2ip_addr_i_reg[3]_7[0]                                                               | ebaz4205_i/clk_8M_66M/inst/AXI_LITE_IPIF_I/I_SLAVE_ATTACHMENT/rst_reg_0                                                                                |                9 |             32 |         3.56 |
|  ebaz4205_i/PS/processing_system7_0/inst/FCLK_CLK0 | ebaz4205_i/clk_8M_66M/inst/AXI_LITE_IPIF_I/I_SLAVE_ATTACHMENT/I_DECODER/bus2ip_addr_i_reg[6]_0[0]                                                               | ebaz4205_i/clk_8M_66M/inst/AXI_LITE_IPIF_I/I_SLAVE_ATTACHMENT/rst_reg_0                                                                                |               12 |             32 |         2.67 |
|  ebaz4205_i/PS/processing_system7_0/inst/FCLK_CLK0 | ebaz4205_i/clk_8M_66M/inst/AXI_LITE_IPIF_I/I_SLAVE_ATTACHMENT/I_DECODER/bus2ip_addr_i_reg[5]_3[0]                                                               | ebaz4205_i/clk_8M_66M/inst/AXI_LITE_IPIF_I/I_SLAVE_ATTACHMENT/rst_reg_0                                                                                |                7 |             32 |         4.57 |
|  ebaz4205_i/PS/processing_system7_0/inst/FCLK_CLK0 | ebaz4205_i/clk_8M_66M/inst/AXI_LITE_IPIF_I/I_SLAVE_ATTACHMENT/I_DECODER/bus2ip_addr_i_reg[6][0]                                                                 | ebaz4205_i/clk_8M_66M/inst/AXI_LITE_IPIF_I/I_SLAVE_ATTACHMENT/rst_reg_0                                                                                |                8 |             32 |         4.00 |
|  ebaz4205_i/PS/processing_system7_0/inst/FCLK_CLK0 | ebaz4205_i/clk_8M_66M/inst/AXI_LITE_IPIF_I/I_SLAVE_ATTACHMENT/I_DECODER/bus2ip_addr_i_reg[6]_2[0]                                                               | ebaz4205_i/clk_8M_66M/inst/AXI_LITE_IPIF_I/I_SLAVE_ATTACHMENT/rst_reg_0                                                                                |                8 |             32 |         4.00 |
|  ebaz4205_i/PS/processing_system7_0/inst/FCLK_CLK0 | ebaz4205_i/clk_8M_66M/inst/AXI_LITE_IPIF_I/I_SLAVE_ATTACHMENT/I_DECODER/bus2ip_addr_i_reg[4]_0[0]                                                               | ebaz4205_i/clk_8M_66M/inst/AXI_LITE_IPIF_I/I_SLAVE_ATTACHMENT/rst_reg_0                                                                                |               10 |             32 |         3.20 |
|  ebaz4205_i/PS/processing_system7_0/inst/FCLK_CLK0 | ebaz4205_i/clk_8M_66M/inst/AXI_LITE_IPIF_I/I_SLAVE_ATTACHMENT/I_DECODER/bus2ip_addr_i_reg[6]_4[0]                                                               | ebaz4205_i/clk_8M_66M/inst/AXI_LITE_IPIF_I/I_SLAVE_ATTACHMENT/rst_reg_0                                                                                |               14 |             32 |         2.29 |
|  ebaz4205_i/PS/processing_system7_0/inst/FCLK_CLK0 | ebaz4205_i/clk_8M_66M/inst/AXI_LITE_IPIF_I/I_SLAVE_ATTACHMENT/I_DECODER/bus2ip_addr_i_reg[6]_6[0]                                                               | ebaz4205_i/clk_8M_66M/inst/AXI_LITE_IPIF_I/I_SLAVE_ATTACHMENT/rst_reg_0                                                                                |                7 |             32 |         4.57 |
|  ebaz4205_i/PS/processing_system7_0/inst/FCLK_CLK0 | ebaz4205_i/clk_8M_66M/inst/AXI_LITE_IPIF_I/I_SLAVE_ATTACHMENT/I_DECODER/bus2ip_addr_i_reg[3]_4[0]                                                               | ebaz4205_i/clk_8M_66M/inst/AXI_LITE_IPIF_I/I_SLAVE_ATTACHMENT/rst_reg_0                                                                                |                8 |             32 |         4.00 |
|  ebaz4205_i/PS/processing_system7_0/inst/FCLK_CLK0 | ebaz4205_i/clk_8M_66M/inst/AXI_LITE_IPIF_I/I_SLAVE_ATTACHMENT/I_DECODER/bus2ip_addr_i_reg[3]_9[0]                                                               | ebaz4205_i/clk_8M_66M/inst/AXI_LITE_IPIF_I/I_SLAVE_ATTACHMENT/rst_reg_0                                                                                |               10 |             32 |         3.20 |
|  ebaz4205_i/PS/processing_system7_0/inst/FCLK_CLK0 | ebaz4205_i/clk_8M_66M/inst/AXI_LITE_IPIF_I/I_SLAVE_ATTACHMENT/I_DECODER/bus2ip_addr_i_reg[3]_0[0]                                                               | ebaz4205_i/clk_8M_66M/inst/AXI_LITE_IPIF_I/I_SLAVE_ATTACHMENT/rst_reg_0                                                                                |                7 |             32 |         4.57 |
|  ebaz4205_i/PS/processing_system7_0/inst/FCLK_CLK0 | ebaz4205_i/clk_8M_66M/inst/AXI_LITE_IPIF_I/I_SLAVE_ATTACHMENT/I_DECODER/E[0]                                                                                    | ebaz4205_i/clk_8M_66M/inst/AXI_LITE_IPIF_I/I_SLAVE_ATTACHMENT/rst_reg_0                                                                                |                6 |             32 |         5.33 |
|  ebaz4205_i/PS/processing_system7_0/inst/FCLK_CLK0 | ebaz4205_i/clk_8M_66M/inst/AXI_LITE_IPIF_I/I_SLAVE_ATTACHMENT/I_DECODER/bus2ip_addr_i_reg[6]_1[0]                                                               | ebaz4205_i/clk_8M_66M/inst/AXI_LITE_IPIF_I/I_SLAVE_ATTACHMENT/rst_reg_0                                                                                |                7 |             32 |         4.57 |
|  ebaz4205_i/PS/processing_system7_0/inst/FCLK_CLK0 | ebaz4205_i/clk_8M_66M/inst/AXI_LITE_IPIF_I/I_SLAVE_ATTACHMENT/I_DECODER/bus2ip_addr_i_reg[5]_1[0]                                                               | ebaz4205_i/clk_8M_66M/inst/AXI_LITE_IPIF_I/I_SLAVE_ATTACHMENT/rst_reg_0                                                                                |               11 |             32 |         2.91 |
|  ebaz4205_i/DivideBy2N_50M/inst/clk_out_BUFG       | ebaz4205_i/ps2_mouse_0/U0/ps2_transceiver_0/ps2_code_new_reg_2[0]                                                                                               | ebaz4205_i/ps2_mouse_0/U0/ps2_transceiver_0/reset_n_0                                                                                                  |                5 |             32 |         6.40 |
|  ebaz4205_i/PS/processing_system7_0/inst/FCLK_CLK0 |                                                                                                                                                                 | ebaz4205_i/counter26_0/inst/counter_1sec[31]_i_1_n_0                                                                                                   |               13 |             32 |         2.46 |
|  ebaz4205_i/PS/processing_system7_0/inst/FCLK_CLK0 | ebaz4205_i/clk_8M_66M/inst/AXI_LITE_IPIF_I/I_SLAVE_ATTACHMENT/I_DECODER/bus2ip_addr_i_reg[5]_0[0]                                                               | ebaz4205_i/clk_8M_66M/inst/AXI_LITE_IPIF_I/I_SLAVE_ATTACHMENT/rst_reg_0                                                                                |               11 |             32 |         2.91 |
|  ebaz4205_i/PS/processing_system7_0/inst/FCLK_CLK0 | ebaz4205_i/clk_8M_66M/inst/AXI_LITE_IPIF_I/I_SLAVE_ATTACHMENT/I_DECODER/bus2ip_addr_i_reg[4]_3[0]                                                               | ebaz4205_i/clk_8M_66M/inst/AXI_LITE_IPIF_I/I_SLAVE_ATTACHMENT/rst_reg_0                                                                                |               11 |             32 |         2.91 |
|  ebaz4205_i/PS/processing_system7_0/inst/FCLK_CLK0 |                                                                                                                                                                 | ebaz4205_i/axi_gpio_0/U0/AXI_LITE_IPIF_I/I_SLAVE_ATTACHMENT/I_DECODER/bus2ip_rnw_i_reg                                                                 |               10 |             32 |         3.20 |
|  ebaz4205_i/PS/processing_system7_0/inst/FCLK_CLK0 | ebaz4205_i/clk_8M_66M/inst/AXI_LITE_IPIF_I/I_SLAVE_ATTACHMENT/I_DECODER/bus2ip_addr_i_reg[6]_5[0]                                                               | ebaz4205_i/clk_8M_66M/inst/AXI_LITE_IPIF_I/I_SLAVE_ATTACHMENT/rst_reg_0                                                                                |               10 |             32 |         3.20 |
|  ebaz4205_i/PS/processing_system7_0/inst/FCLK_CLK0 | ebaz4205_i/clk_8M_66M/inst/AXI_LITE_IPIF_I/I_SLAVE_ATTACHMENT/I_DECODER/bus2ip_addr_i_reg[4]_2[0]                                                               | ebaz4205_i/clk_8M_66M/inst/AXI_LITE_IPIF_I/I_SLAVE_ATTACHMENT/rst_reg_0                                                                                |               13 |             32 |         2.46 |
|  ebaz4205_i/PS/processing_system7_0/inst/FCLK_CLK0 | ebaz4205_i/clk_8M_66M/inst/AXI_LITE_IPIF_I/I_SLAVE_ATTACHMENT/I_DECODER/bus2ip_addr_i_reg[4][0]                                                                 | ebaz4205_i/clk_8M_66M/inst/AXI_LITE_IPIF_I/I_SLAVE_ATTACHMENT/rst_reg_0                                                                                |                7 |             32 |         4.57 |
|  ebaz4205_i/PS/processing_system7_0/inst/FCLK_CLK0 | ebaz4205_i/clk_8M_66M/inst/AXI_LITE_IPIF_I/I_SLAVE_ATTACHMENT/I_DECODER/bus2ip_addr_i_reg[3]_5[0]                                                               | ebaz4205_i/clk_8M_66M/inst/AXI_LITE_IPIF_I/I_SLAVE_ATTACHMENT/rst_reg_0                                                                                |                9 |             32 |         3.56 |
|  ebaz4205_i/PS/processing_system7_0/inst/FCLK_CLK0 | ebaz4205_i/clk_8M_66M/inst/AXI_LITE_IPIF_I/I_SLAVE_ATTACHMENT/I_DECODER/bus2ip_addr_i_reg[6]_3[0]                                                               | ebaz4205_i/clk_8M_66M/inst/AXI_LITE_IPIF_I/I_SLAVE_ATTACHMENT/rst_reg_0                                                                                |                7 |             32 |         4.57 |
|  ebaz4205_i/PS/processing_system7_0/inst/FCLK_CLK0 | ebaz4205_i/clk_8M_66M/inst/AXI_LITE_IPIF_I/I_SLAVE_ATTACHMENT/I_DECODER/bus2ip_addr_i_reg[3]_3[0]                                                               | ebaz4205_i/clk_8M_66M/inst/AXI_LITE_IPIF_I/I_SLAVE_ATTACHMENT/rst_reg_0                                                                                |                8 |             32 |         4.00 |
|  ebaz4205_i/PS/processing_system7_0/inst/FCLK_CLK0 | ebaz4205_i/clk_8M_66M/inst/AXI_LITE_IPIF_I/I_SLAVE_ATTACHMENT/I_DECODER/bus2ip_addr_i_reg[3]_2[0]                                                               | ebaz4205_i/clk_8M_66M/inst/AXI_LITE_IPIF_I/I_SLAVE_ATTACHMENT/rst_reg_0                                                                                |               13 |             32 |         2.46 |
|  ebaz4205_i/PS/processing_system7_0/inst/FCLK_CLK0 | ebaz4205_i/axi_gpio_0/U0/AXI_LITE_IPIF_I/I_SLAVE_ATTACHMENT/s_axi_rresp_i                                                                                       | ebaz4205_i/axi_gpio_0/U0/AXI_LITE_IPIF_I/I_SLAVE_ATTACHMENT/SR[0]                                                                                      |                6 |             32 |         5.33 |
|  ebaz4205_i/PS/processing_system7_0/inst/FCLK_CLK0 | ebaz4205_i/clk_8M_66M/inst/AXI_LITE_IPIF_I/I_SLAVE_ATTACHMENT/I_DECODER/bus2ip_addr_i_reg[4]_1[0]                                                               | ebaz4205_i/clk_8M_66M/inst/AXI_LITE_IPIF_I/I_SLAVE_ATTACHMENT/rst_reg_0                                                                                |               11 |             32 |         2.91 |
|  ebaz4205_i/PS/processing_system7_0/inst/FCLK_CLK0 | ebaz4205_i/axi_gpio_0/U0/AXI_LITE_IPIF_I/I_SLAVE_ATTACHMENT/I_DECODER/E[0]                                                                                      | ebaz4205_i/axi_gpio_0/U0/AXI_LITE_IPIF_I/I_SLAVE_ATTACHMENT/SR[0]                                                                                      |                4 |             32 |         8.00 |
|  ebaz4205_i/PS/processing_system7_0/inst/FCLK_CLK0 | ebaz4205_i/clk_8M_66M/inst/AXI_LITE_IPIF_I/I_SLAVE_ATTACHMENT/I_DECODER/bus2ip_addr_i_reg[5]_2[0]                                                               | ebaz4205_i/clk_8M_66M/inst/AXI_LITE_IPIF_I/I_SLAVE_ATTACHMENT/rst_reg_0                                                                                |                4 |             32 |         8.00 |
|  ebaz4205_i/PS/processing_system7_0/inst/FCLK_CLK0 | ebaz4205_i/clk_8M_66M/inst/AXI_LITE_IPIF_I/I_SLAVE_ATTACHMENT/I_DECODER/bus2ip_addr_i_reg[2][0]                                                                 | ebaz4205_i/clk_8M_66M/inst/AXI_LITE_IPIF_I/I_SLAVE_ATTACHMENT/rst_reg_0                                                                                |                7 |             32 |         4.57 |
|  ebaz4205_i/PS/processing_system7_0/inst/FCLK_CLK0 | ebaz4205_i/clk_8M_66M/inst/AXI_LITE_IPIF_I/I_SLAVE_ATTACHMENT/s_axi_rresp_i                                                                                     | ebaz4205_i/clk_8M_66M/inst/AXI_LITE_IPIF_I/I_SLAVE_ATTACHMENT/SR[0]                                                                                    |               11 |             33 |         3.00 |
|  ebaz4205_i/PS/processing_system7_0/inst/FCLK_CLK0 | ebaz4205_i/PS/ps7_axi_periph/s00_couplers/auto_pc/inst/gen_axilite.gen_b2s_conv.axilite_b2s/RD.r_channel_0/rd_data_fifo_0/wr_en0                                |                                                                                                                                                        |                9 |             34 |         3.78 |
|  ebaz4205_i/PS/processing_system7_0/inst/FCLK_CLK0 | ebaz4205_i/PS/ps7_axi_periph/xbar/inst/gen_sasd.crossbar_sasd_0/addr_arbiter_inst/E[0]                                                                          |                                                                                                                                                        |                9 |             35 |         3.89 |
|  ebaz4205_i/PS/processing_system7_0/inst/FCLK_CLK0 | ebaz4205_i/PS/ps7_axi_periph/s00_couplers/auto_pc/inst/gen_axilite.gen_b2s_conv.axilite_b2s/SI_REG/r.r_pipe/s_ready_i_reg_0                                     |                                                                                                                                                        |                8 |             47 |         5.88 |
|  ebaz4205_i/PS/processing_system7_0/inst/FCLK_CLK0 | ebaz4205_i/PS/ps7_axi_periph/s00_couplers/auto_pc/inst/gen_axilite.gen_b2s_conv.axilite_b2s/SI_REG/r.r_pipe/p_1_in                                              |                                                                                                                                                        |                7 |             47 |         6.71 |
|  ebaz4205_i/PS/processing_system7_0/inst/FCLK_CLK0 | ebaz4205_i/PS/ps7_axi_periph/s00_couplers/auto_pc/inst/gen_axilite.gen_b2s_conv.axilite_b2s/RD.ar_channel_0/ar_cmd_fsm_0/m_valid_i_reg[0]                       |                                                                                                                                                        |               10 |             48 |         4.80 |
|  ebaz4205_i/PS/processing_system7_0/inst/FCLK_CLK0 | ebaz4205_i/PS/ps7_axi_periph/s00_couplers/auto_pc/inst/gen_axilite.gen_b2s_conv.axilite_b2s/WR.aw_channel_0/aw_cmd_fsm_0/E[0]                                   |                                                                                                                                                        |                8 |             48 |         6.00 |
|  ebaz4205_i/PS/processing_system7_0/inst/FCLK_CLK0 | ebaz4205_i/PS/ps7_axi_periph/s00_couplers/auto_pc/inst/gen_axilite.gen_b2s_conv.axilite_b2s/SI_REG/ar.ar_pipe/s_ready_i_reg_0                                   |                                                                                                                                                        |                9 |             48 |         5.33 |
|  ebaz4205_i/PS/processing_system7_0/inst/FCLK_CLK0 | ebaz4205_i/PS/ps7_axi_periph/s00_couplers/auto_pc/inst/gen_axilite.gen_b2s_conv.axilite_b2s/SI_REG/aw.aw_pipe/s_ready_i_reg_0                                   |                                                                                                                                                        |               10 |             48 |         4.80 |
|  ebaz4205_i/PS/processing_system7_0/inst/FCLK_CLK0 |                                                                                                                                                                 | ebaz4205_i/axi_gpio_0/U0/AXI_LITE_IPIF_I/I_SLAVE_ATTACHMENT/SR[0]                                                                                      |               27 |             94 |         3.48 |
|  ebaz4205_i/PS/processing_system7_0/inst/FCLK_CLK0 | ebaz4205_i/clk_8M_66M/inst/CLK_CORE_DRP_I/SEN                                                                                                                   |                                                                                                                                                        |               68 |            153 |         2.25 |
|  ebaz4205_i/PS/processing_system7_0/inst/FCLK_CLK0 |                                                                                                                                                                 |                                                                                                                                                        |              105 |            351 |         3.34 |
+----------------------------------------------------+-----------------------------------------------------------------------------------------------------------------------------------------------------------------+--------------------------------------------------------------------------------------------------------------------------------------------------------+------------------+----------------+--------------+


